                    Ae  ALOGP  ALOGP2      AMR  ...   X%    X4v  Xindex  NsOH_
id                                              ...                           
CHEMBL3410567    0.000  0.000   0.000    0.000  ...  0.0  0.000   0.000    0.0
CHEMBL2358639    0.000  0.000   0.000    0.000  ...  0.0  0.000   0.000    0.0
CHEMBL1332162  159.660 -1.380   1.905  108.827  ...  0.0  4.261   0.267    0.0
CHEMBL253284    78.932  5.725  32.770  102.680  ...  0.0  3.462   0.407    0.0
CHEMBL599229   145.891  6.069  36.836  114.184  ...  0.0  3.323   0.372    0.0

[5 rows x 745 columns]
Observations: 94919
Variables: 745
cat_cols: 222
num_cols: 523
cat_but_car: 0
num_but_cat: 222
Processing query 1
Compounds: ['CHEMBL3410567']

Processing query 2
Compounds: ['CHEMBL3410567']

Processing query 3
Compounds: ['CHEMBL3410567']

Processing query 4
Compounds: ['CHEMBL3410567']

Processing query 5
Compounds: ['CHEMBL3410567']

Processing query 6
Compounds: ['CHEMBL3410567']

Processing query 7
Compounds: ['CHEMBL3410567']

Processing query 8
Compounds: ['CHEMBL3410567']

Processing query 9
Compounds: ['CHEMBL3410567']

Processing query 10
Compounds: ['CHEMBL3410567']

Processing query 11
Compounds: ['CHEMBL3410567']

Processing query 12
Compounds: ['CHEMBL3410567']

Processing query 13
Compounds: ['CHEMBL3410567']

Processing query 14
Compounds: ['CHEMBL3410567']

Processing query 15
Compounds: ['CHEMBL3410567']

Processing query 16
Compounds: ['CHEMBL3410567']

Processing query 17
Compounds: ['CHEMBL3410567']

Processing query 18
Compounds: ['CHEMBL3410567']

Processing query 19
Compounds: ['CHEMBL3410567']

Processing query 20
Compounds: ['CHEMBL3410567']

Processing query 21
Compounds: ['CHEMBL3410567']

Processing query 22
Compounds: ['CHEMBL3410567']

Processing query 23
Compounds: ['CHEMBL3410567']

Processing query 24
Compounds: ['CHEMBL3410567']

Processing query 25
Compounds: ['CHEMBL3410567']

Processing query 26
Compounds: ['CHEMBL3410567']

Processing query 27
Compounds: ['CHEMBL3410567']

Processing query 28
Compounds: ['CHEMBL3410567']

Processing query 29
Compounds: ['CHEMBL3410567']

Processing query 30
Compounds: ['CHEMBL3410567']

Processing query 31
Compounds: ['CHEMBL3410567']

Processing query 32
Compounds: ['CHEMBL3410567']

Processing query 33
Compounds: ['CHEMBL3410567']

Processing query 34
Compounds: ['CHEMBL3410567']

Processing query 35
Compounds: ['CHEMBL3410567']

Processing query 36
Compounds: ['CHEMBL3410567']

Processing query 37
Compounds: ['CHEMBL3410567']

Processing query 38
Compounds: ['CHEMBL3410567']

Processing query 39
Compounds: ['CHEMBL3410567']

Processing query 40
Compounds: ['CHEMBL3410567']

Processing query 41
Compounds: ['CHEMBL3410567']

Processing query 42
Compounds: ['CHEMBL3410567']

Processing query 43
Compounds: ['CHEMBL3410567']

Processing query 44
Compounds: ['CHEMBL3410567']

Processing query 45
Compounds: ['CHEMBL3410567']

Processing query 46
Compounds: ['CHEMBL3410567']

Processing query 47
Compounds: ['CHEMBL3410567']

Processing query 48
Compounds: ['CHEMBL3410567']

Processing query 49
Compounds: ['CHEMBL3410567']

Processing query 50
Compounds: ['CHEMBL3410567']

Time: 0.19530057907104492 sec
                    Ae  ALOGP  ALOGP2      AMR  ...   X%    X4v  Xindex  NsOH_
id                                              ...                           
CHEMBL3469115    0.000  0.000   0.000    0.000  ...  0.0  0.000   0.000    0.0
CHEMBL4290093  315.947  7.924  62.796  199.544  ...  1.1  5.409   0.133    1.0
CHEMBL3589436  327.791  7.183  51.595  172.964  ...  2.6  7.012   0.181    0.0
CHEMBL2159639    0.000  0.000   0.000    0.000  ...  0.0  0.000   0.000    0.0
CHEMBL193834     0.000  0.000   0.000    0.000  ...  0.0  0.000   0.000    0.0

[5 rows x 745 columns]
Observations: 94919
Variables: 745
cat_cols: 218
num_cols: 527
cat_but_car: 0
num_but_cat: 218
Processing query 1
Compounds: ['CHEMBL3469115']

Processing query 2
Compounds: ['CHEMBL3469115']

Processing query 3
Compounds: ['CHEMBL3469115']

Processing query 4
Compounds: ['CHEMBL3469115']

Processing query 5
Compounds: ['CHEMBL3469115']

Processing query 6
Compounds: ['CHEMBL3469115']

Processing query 7
Compounds: ['CHEMBL3469115']

Processing query 8
Compounds: ['CHEMBL3469115']

Processing query 9
Compounds: ['CHEMBL3469115']

Processing query 10
Compounds: ['CHEMBL3469115']

Processing query 11
Compounds: ['CHEMBL3469115']

Processing query 12
Compounds: ['CHEMBL3469115']

Processing query 13
Compounds: ['CHEMBL3469115']

Processing query 14
Compounds: ['CHEMBL3469115']

Processing query 15
Compounds: ['CHEMBL3469115']

Processing query 16
Compounds: ['CHEMBL3469115']

Processing query 17
Compounds: ['CHEMBL3469115']

Processing query 18
Compounds: ['CHEMBL3469115']

Processing query 19
Compounds: ['CHEMBL3469115']

Processing query 20
Compounds: ['CHEMBL3469115']

Processing query 21
Compounds: ['CHEMBL3469115']

Processing query 22
Compounds: ['CHEMBL3469115']

Processing query 23
Compounds: ['CHEMBL3469115']

Processing query 24
Compounds: ['CHEMBL3469115']

Processing query 25
Compounds: ['CHEMBL3469115']

Processing query 26
Compounds: ['CHEMBL3469115']

Processing query 27
Compounds: ['CHEMBL3469115']

Processing query 28
Compounds: ['CHEMBL3469115']

Processing query 29
Compounds: ['CHEMBL3469115']

Processing query 30
Compounds: ['CHEMBL3469115']

Processing query 31
Compounds: ['CHEMBL3469115']

Processing query 32
Compounds: ['CHEMBL3469115']

Processing query 33
Compounds: ['CHEMBL3469115']

Processing query 34
Compounds: ['CHEMBL3469115']

Processing query 35
Compounds: ['CHEMBL3469115']

Processing query 36
Compounds: ['CHEMBL3469115']

Processing query 37
Compounds: ['CHEMBL3469115']

Processing query 38
Compounds: ['CHEMBL3469115']

Processing query 39
Compounds: ['CHEMBL3469115']

Processing query 40
Compounds: ['CHEMBL3469115']

Processing query 41
Compounds: ['CHEMBL3469115']

Processing query 42
Compounds: ['CHEMBL3469115']

Processing query 43
Compounds: ['CHEMBL3469115']

Processing query 44
Compounds: ['CHEMBL3469115']

Processing query 45
Compounds: ['CHEMBL3469115']

Processing query 46
Compounds: ['CHEMBL3469115']

Processing query 47
Compounds: ['CHEMBL3469115']

Processing query 48
Compounds: ['CHEMBL3469115']

Processing query 49
Compounds: ['CHEMBL3469115']

Processing query 50
Compounds: ['CHEMBL3469115']

Time: 0.06861042976379395 sec
                   Ae  ALOGP  ALOGP2      AMR  ...    X%    X4v  Xindex  NsOH_
id                                             ...                            
CHEMBL1498169   0.000  0.000   0.000    0.000  ...   0.0  0.000   0.000    0.0
C06613          2.008  0.570   0.325   21.243  ...  12.5  0.089   1.175    0.0
CHEMBL326297   81.906  3.391  11.502  133.879  ...   3.9  5.147   0.321    2.0
CHEMBL1572987   0.000  0.000   0.000    0.000  ...   0.0  0.000   0.000    0.0
CHEMBL1439254  38.611  0.303   0.092   69.521  ...   0.0  2.705   0.524    0.0

[5 rows x 745 columns]
Observations: 94919
Variables: 745
cat_cols: 217
num_cols: 528
cat_but_car: 0
num_but_cat: 217
Processing query 1
[-1]
Compounds: ['CHEMBL1498169']

Processing query 2
[-1]
Compounds: ['CHEMBL1498169']

Processing query 3
[-1]
Compounds: ['CHEMBL1498169']

Processing query 4
[-1]
Compounds: ['CHEMBL1498169']

Processing query 5
[-1]
Compounds: ['CHEMBL1498169']

Processing query 6
[-1]
Compounds: ['CHEMBL1498169']

Processing query 7
[-1]
Compounds: ['CHEMBL1498169']

Processing query 8
[-1]
Compounds: ['CHEMBL1498169']

Processing query 9
[-1]
Compounds: ['CHEMBL1498169']

Processing query 10
[-1]
Compounds: ['CHEMBL1498169']

Processing query 11
[-1]
Compounds: ['CHEMBL1498169']

Processing query 12
[-1]
Compounds: ['CHEMBL1498169']

Processing query 13
[-1]
Compounds: ['CHEMBL1498169']

Processing query 14
[-1]
Compounds: ['CHEMBL1498169']

Processing query 15
[-1]
Compounds: ['CHEMBL1498169']

Processing query 16
[-1]
Compounds: ['CHEMBL1498169']

Processing query 17
[-1]
Compounds: ['CHEMBL1498169']

Processing query 18
[-1]
Compounds: ['CHEMBL1498169']

Processing query 19
[-1]
Compounds: ['CHEMBL1498169']

Processing query 20
[-1]
Compounds: ['CHEMBL1498169']

Processing query 21
[-1]
Compounds: ['CHEMBL1498169']

Processing query 22
[-1]
Compounds: ['CHEMBL1498169']

Processing query 23
[-1]
Compounds: ['CHEMBL1498169']

Processing query 24
[-1]
Compounds: ['CHEMBL1498169']

Processing query 25
[-1]
Compounds: ['CHEMBL1498169']

Processing query 26
[-1]
Compounds: ['CHEMBL1498169']

Processing query 27
[-1]
Compounds: ['CHEMBL1498169']

Processing query 28
[-1]
Compounds: ['CHEMBL1498169']

Processing query 29
[-1]
Compounds: ['CHEMBL1498169']

Processing query 30
[-1]
Compounds: ['CHEMBL1498169']

Processing query 31
[-1]
Compounds: ['CHEMBL1498169']

Processing query 32
[-1]
Compounds: ['CHEMBL1498169']

Processing query 33
[-1]
Compounds: ['CHEMBL1498169']

Processing query 34
[-1]
Compounds: ['CHEMBL1498169']

Processing query 35
[-1]
Compounds: ['CHEMBL1498169']

Processing query 36
[-1]
Compounds: ['CHEMBL1498169']

Processing query 37
[-1]
Compounds: ['CHEMBL1498169']

Processing query 38
[-1]
Compounds: ['CHEMBL1498169']

Processing query 39
[-1]
Compounds: ['CHEMBL1498169']

Processing query 40
[-1]
Compounds: ['CHEMBL1498169']

Processing query 41
[-1]
Compounds: ['CHEMBL1498169']

Processing query 42
[-1]
Compounds: ['CHEMBL1498169']

Processing query 43
[-1]
Compounds: ['CHEMBL1498169']

Processing query 44
[-1]
Compounds: ['CHEMBL1498169']

Processing query 45
[-1]
Compounds: ['CHEMBL1498169']

Processing query 46
[-1]
Compounds: ['CHEMBL1498169']

Processing query 47
[-1]
Compounds: ['CHEMBL1498169']

Processing query 48
[-1]
Compounds: ['CHEMBL1498169']

Processing query 49
[-1]
Compounds: ['CHEMBL1498169']

Processing query 50
[-1]
Compounds: ['CHEMBL1498169']

Time: 0.06393027305603027 sec
